<?xml version="1.0" encoding="UTF-8"?>
<!-- Generated by org.testng.reporters.JUnitReportReporter -->
<testsuite hostname="LAPTOP-E2O8R6N7" failures="0" tests="6" name="api.test.DataDrivenTests" time="9.194" errors="0" timestamp="2024-10-25T12:31:44 IST" skipped="0">
  <testcase classname="api.test.DataDrivenTests" name="testPostUser" time="1.252"/>
  <testcase classname="api.test.DataDrivenTests" name="testPostUser" time="3.224"/>
  <testcase classname="api.test.DataDrivenTests" name="testPostUser" time="1.201"/>
  <testcase classname="api.test.DataDrivenTests" name="testDeleteUserByName" time="1.203"/>
  <testcase classname="api.test.DataDrivenTests" name="testDeleteUserByName" time="1.122"/>
  <testcase classname="api.test.DataDrivenTests" name="testDeleteUserByName" time="1.192"/>
</testsuite> <!-- api.test.DataDrivenTests -->
