<?xml version="1.0" encoding="UTF-8"?>
<!-- Generated by org.testng.reporters.JUnitReportReporter -->
<testsuite hostname="LAPTOP-E2O8R6N7" failures="0" tests="4" name="api.test.UserTest2" time="52.314" errors="0" timestamp="2024-10-26T11:51:28 IST" skipped="0">
  <testcase classname="api.test.UserTest2" name="testPostUser" time="24.666"/>
  <testcase classname="api.test.UserTest2" name="testGetUserByName" time="22.924"/>
  <testcase classname="api.test.UserTest2" name="testUpdateUser" time="3.194"/>
  <testcase classname="api.test.UserTest2" name="testDeleteUser" time="1.530"/>
</testsuite> <!-- api.test.UserTest2 -->
