<?xml version="1.0" encoding="UTF-8"?>
<!-- Generated by org.testng.reporters.JUnitReportReporter -->
<testsuite hostname="LAPTOP-E2O8R6N7" failures="0" tests="4" name="api.test.UserTest" time="11.481" errors="0" timestamp="2024-10-25T16:35:08 IST" skipped="0">
  <testcase classname="api.test.UserTest" name="testPostUser" time="4.362"/>
  <testcase classname="api.test.UserTest" name="testGetUserByName" time="2.410"/>
  <testcase classname="api.test.UserTest" name="testUpdateUser" time="3.169"/>
  <testcase classname="api.test.UserTest" name="testDeleteUser" time="1.540"/>
</testsuite> <!-- api.test.UserTest -->
