<?xml version="1.0" encoding="UTF-8"?>
<!-- Generated by org.testng.reporters.JUnitReportReporter -->
<testsuite hostname="LAPTOP-E2O8R6N7" failures="0" tests="4" name="api.test.UserTest2" time="7.723" errors="0" timestamp="2024-10-26T14:33:53 IST" skipped="0">
  <testcase classname="api.test.UserTest2" name="testPostUser" time="2.683"/>
  <testcase classname="api.test.UserTest2" name="testGetUserByName" time="1.565"/>
  <testcase classname="api.test.UserTest2" name="testUpdateUser" time="2.378"/>
  <testcase classname="api.test.UserTest2" name="testDeleteUser" time="1.097"/>
</testsuite> <!-- api.test.UserTest2 -->
